生成启动时间为 2020/12/7 21:23:26。
     1>项目“D:\xuyang\test-12.7\test-12.7\test-12.7.vcxproj”在节点 2 上(build 个目标)。
     1>InitializeBuildStatus:
         正在对“Debug\test-12.7.unsuccessfulbuild”执行 Touch 任务。
       ClCompile:
         C:\Program Files (x86)\Microsoft Visual Studio 10.0\VC\bin\CL.exe /c /ZI /nologo /W3 /WX- /Od /Oy- /D _MBCS /Gm /EHsc /RTC1 /MDd /GS /fp:precise /Zc:wchar_t /Zc:forScope /Fo"Debug\\" /Fd"Debug\vc100.pdb" /Gd /TC /analyze- /errorReport:prompt test.c
         test.c
     1>d:\xuyang\test-12.7\test-12.7\test.c(17): error C2143: 语法错误 : 缺少“;”(在“类型”的前面)
     1>d:\xuyang\test-12.7\test-12.7\test.c(18): error C2065: “ch”: 未声明的标识符
     1>已完成生成项目“D:\xuyang\test-12.7\test-12.7\test-12.7.vcxproj”(build 个目标)的操作 - 失败。

生成失败。

已用时间 00:00:00.18
