生成启动时间为 2020/12/30 11:29:28。
     1>项目“D:\xuyang\kaixin.c\test 12-13\test 12-13.vcxproj”在节点 2 上(build 个目标)。
     1>InitializeBuildStatus:
         正在对“Debug\test 12-13.unsuccessfulbuild”执行 Touch 任务。
       ClCompile:
         所有输出均为最新。
       ManifestResourceCompile:
         所有输出均为最新。
       Link:
         C:\Program Files (x86)\Microsoft Visual Studio 10.0\VC\bin\link.exe /ERRORREPORT:PROMPT /OUT:"D:\xuyang\kaixin.c\Debug\test 12-13.exe" /INCREMENTAL /NOLOGO kernel32.lib user32.lib gdi32.lib winspool.lib comdlg32.lib advapi32.lib shell32.lib ole32.lib oleaut32.lib uuid.lib odbc32.lib odbccp32.lib /MANIFEST /ManifestFile:"Debug\test 12-13.exe.intermediate.manifest" /MANIFESTUAC:"level='asInvoker' uiAccess='false'" /DEBUG /PDB:"D:\xuyang\kaixin.c\Debug\test 12-13.pdb" /SUBSYSTEM:CONSOLE /TLBID:1 /DYNAMICBASE /NXCOMPAT /IMPLIB:"D:\xuyang\kaixin.c\Debug\test 12-13.lib" /MACHINE:X86 "Debug\test 12-13.exe.embed.manifest.res"
         Debug\sum.obj
         Debug\test.obj
     1>MSVCRTD.lib(crtexe.obj) : error LNK2019: 无法解析的外部符号 _main，该符号在函数 ___tmainCRTStartup 中被引用
     1>D:\xuyang\kaixin.c\Debug\test 12-13.exe : fatal error LNK1120: 1 个无法解析的外部命令
     1>已完成生成项目“D:\xuyang\kaixin.c\test 12-13\test 12-13.vcxproj”(build 个目标)的操作 - 失败。

生成失败。

已用时间 00:00:00.24
